Log file open, 11/24/17 14:57:10
LogWindows: LoadLibraryWithSearchPaths failed for file aqProf.dll. GetLastError=0
LogWindows: LoadLibraryWithSearchPaths failed for file VSPerf140.dll. GetLastError=0
LogWindows: LoadLibraryWithSearchPaths failed for file VtuneApi.dll. GetLastError=0
LogWindows: LoadLibraryWithSearchPaths failed for file VtuneApi32e.dll. GetLastError=0
LogInit: Display: Running engine for game: attack_Build
LogPlatformFile: Not using cached read wrapper
LogInit: Display: RandInit(487251554) SRandInit(487251554).
LogTaskGraph: Started task graph with 5 named threads and 8 total threads with 3 sets of task threads.
LogStats: Stats thread started at 0.125974
LogD3D11RHI: Aftermath initialized
LogPluginManager: Mounting plugin Paper2D
LogPluginManager: Mounting plugin LightPropagationVolume
LogPluginManager: Mounting plugin CodeLiteSourceCodeAccess
LogPluginManager: Mounting plugin GitSourceControl
LogPluginManager: Mounting plugin KDevelopSourceCodeAccess
LogPluginManager: Mounting plugin NullSourceCodeAccess
LogPluginManager: Mounting plugin PerforceSourceControl
LogPluginManager: Mounting plugin SubversionSourceControl
LogPluginManager: Mounting plugin UObjectPlugin
LogPluginManager: Mounting plugin VisualStudioSourceCodeAccess
LogPluginManager: Mounting plugin XCodeSourceCodeAccess
LogPluginManager: Mounting plugin AssetManagerEditor
LogPluginManager: Mounting plugin AudioCapture
LogPluginManager: Mounting plugin FacialAnimation
LogPluginManager: Mounting plugin GameplayTagsEditor
LogPluginManager: Mounting plugin MobileLauncherProfileWizard
LogPluginManager: Mounting plugin PluginBrowser
LogPluginManager: Mounting plugin SpeedTreeImporter
LogPluginManager: Mounting plugin AlembicImporter
LogPluginManager: Mounting plugin CharacterAI
LogPluginManager: Mounting plugin HTML5Networking
LogPluginManager: Mounting plugin AndroidMedia
LogPluginManager: Mounting plugin AvfMedia
LogPluginManager: Mounting plugin MediaPlayerEditor
LogPluginManager: Mounting plugin WmfMedia
LogPluginManager: Mounting plugin TcpMessaging
LogPluginManager: Mounting plugin UdpMessaging
LogPluginManager: Mounting plugin LevelSequenceEditor
LogPluginManager: Mounting plugin MatineeToLevelSequence
LogPluginManager: Mounting plugin OnlineSubsystemGooglePlay
LogPluginManager: Mounting plugin OnlineSubsystemIOS
LogPluginManager: Mounting plugin OnlineSubsystem
LogPluginManager: Mounting plugin OnlineSubsystemNull
LogPluginManager: Mounting plugin OnlineSubsystemUtils
LogPluginManager: Mounting plugin AndroidDeviceProfileSelector
LogPluginManager: Mounting plugin AndroidMoviePlayer
LogPluginManager: Mounting plugin AndroidPermission
LogPluginManager: Mounting plugin AppleMoviePlayer
LogPluginManager: Mounting plugin ArchVisCharacter
LogPluginManager: Mounting plugin CableComponent
LogPluginManager: Mounting plugin CustomMeshComponent
LogPluginManager: Mounting plugin ExampleDeviceProfileSelector
LogPluginManager: Mounting plugin GoogleCloudMessaging
LogPluginManager: Mounting plugin ImmediatePhysics
LogPluginManager: Mounting plugin IOSDeviceProfileSelector
LogPluginManager: Mounting plugin LinuxDeviceProfileSelector
LogPluginManager: Mounting plugin LocationServicesBPLibrary
LogPluginManager: Mounting plugin MobilePatchingUtils
LogPluginManager: Mounting plugin OculusVR
LogPluginManager: Mounting plugin PhysXVehicles
LogPluginManager: Mounting plugin ProceduralMeshComponent
LogPluginManager: Mounting plugin RuntimePhysXCooking
LogPluginManager: Mounting plugin SteamVR
LogPluginManager: Mounting plugin WindowsMoviePlayer
LogInit: Using libcurl 7.47.1
LogInit:  - built for x86_64-pc-win32
LogInit:  - supports SSL with OpenSSL/1.0.2g
LogInit:  - supports HTTP deflate (compression) using libz 1.2.8
LogInit:  - other features:
LogInit:      CURL_VERSION_SSL
LogInit:      CURL_VERSION_LIBZ
LogInit:      CURL_VERSION_IPV6
LogInit:      CURL_VERSION_ASYNCHDNS
LogInit:      CURL_VERSION_LARGEFILE
LogInit:      CURL_VERSION_IDN
LogInit:  CurlRequestOptions (configurable via config and command line):
LogInit:  - bVerifyPeer = false  - Libcurl will NOT verify peer certificate
LogInit:  - bUseHttpProxy = false  - Libcurl will NOT use HTTP proxy
LogInit:  - bDontReuseConnections = false  - Libcurl will reuse connections
LogInit:  - CertBundlePath = nullptr  - Libcurl will use whatever was configured at build time.
LogInit: Build: ++UE4+Release-4.17-CL-3586342
LogInit: Engine Version: 4.17.1-3586342+++UE4+Release-4.17
LogInit: Compatible Engine Version: 4.17.0-3573198+++UE4+Release-4.17
LogInit: Net CL: 3573198
LogDevObjectVersion: Number of dev versions registered: 16
LogDevObjectVersion:   Dev-Blueprints (B0D832E4-1F89-4F0D-ACCF-7EB736FD4AA2): 10
LogDevObjectVersion:   Dev-Build (E1C64328-A22C-4D53-A36C-8E866417BD8C): 0
LogDevObjectVersion:   Dev-Core (375EC13C-06E4-48FB-B500-84F0262A717E): 2
LogDevObjectVersion:   Dev-Editor (E4B068ED-F494-42E9-A231-DA0B2E46BB41): 20
LogDevObjectVersion:   Dev-Framework (CFFC743F-43B0-4480-9391-14DF171D2073): 28
LogDevObjectVersion:   Dev-Mobile (B02B49B5-BB20-44E9-A304-32B752E40360): 0
LogDevObjectVersion:   Dev-Networking (A4E4105C-59A1-49B5-A7C5-40C4547EDFEE): 0
LogDevObjectVersion:   Dev-Online (39C831C9-5AE6-47DC-9A44-9C173E1C8E7C): 0
LogDevObjectVersion:   Dev-Physics (78F01B33-EBEA-4F98-B9B4-84EACCB95AA2): 0
LogDevObjectVersion:   Dev-Platform (6631380F-2D4D-43E0-8009-CF276956A95A): 0
LogDevObjectVersion:   Dev-Rendering (12F88B9F-8875-4AFC-A67C-D90C383ABD29): 19
LogDevObjectVersion:   Dev-Sequencer (7B5AE74C-D270-4C10-A958-57980B212A5A): 4
LogDevObjectVersion:   Dev-VR (D7296918-1DD6-4BDD-9DE2-64A83CC13884): 0
LogDevObjectVersion:   Dev-LoadTimes (C2A15278-BFE7-4AFE-6C17-90FF531DF755): 1
LogDevObjectVersion:   Private-Geometry (6EACA3D4-40EC-4CC1-B786-8BED09428FC5): 1
LogDevObjectVersion:   Dev-AnimPhys (29E575DD-E0A3-4627-9D10-D276232CDCEA): 7
LogInit: Compiled (64-bit): Aug 15 2017 02:05:26
LogInit: Compiled with Visual C++: 19.00.24215.01
LogInit: Build Configuration: Development
LogInit: Branch Name: ++UE4+Release-4.17
LogInit: Command line: 
LogInit: Base directory: G:/Epic Games/UE_4.17/Engine/Binaries/Win64/
LogInit: Installed Engine Build: 1
LogInit: Presizing for max 8388607 objects, including 0 objects not considered by GC, pre-allocating 0 bytes for permanent pool.
LogInit: Object subsystem initialized
[2017.11.24-09.27.11:261][  0]LogInit: Selected Device Profile: [Windows]
[2017.11.24-09.27.11:261][  0]LogInit: Applying CVar settings loaded from the selected device profile: [Windows]
[2017.11.24-09.27.11:277][  0]LogInit: Computer: P073TX
[2017.11.24-09.27.11:277][  0]LogInit: User: Rajit
[2017.11.24-09.27.11:277][  0]LogInit: CPU Page size=4096, Cores=2
[2017.11.24-09.27.11:277][  0]LogInit: High frequency timer resolution =2.533199 MHz
[2017.11.24-09.27.11:278][  0]LogMemory: Memory total: Physical=15.9GB (16GB approx)
[2017.11.24-09.27.11:278][  0]LogMemory: Platform Memory Stats for Windows
[2017.11.24-09.27.11:278][  0]LogMemory: Process Physical Memory: 277.79 MB used, 277.79 MB peak
[2017.11.24-09.27.11:278][  0]LogMemory: Process Virtual Memory: 275.63 MB used, 275.63 MB peak
[2017.11.24-09.27.11:278][  0]LogMemory: Physical Memory: 4344.81 MB used,  11969.34 MB free, 16314.15 MB total
[2017.11.24-09.27.11:278][  0]LogMemory: Virtual Memory: 700.05 MB used,  11969.34 MB free, 134217728.00 MB total
[2017.11.24-09.27.11:415][  0]LogInit: Using OS detected language (en-US).
[2017.11.24-09.27.11:416][  0]LogInit: Using OS detected locale (en-IN).
[2017.11.24-09.27.11:420][  0]LogTextLocalizationManager: No specific localization for 'en-US' exists, so the 'en' localization will be used.
[2017.11.24-09.27.12:316][  0]LogD3D11RHI: D3D11 adapters:
[2017.11.24-09.27.12:367][  0]LogD3D11RHI:    0. 'NVIDIA GeForce 840M' (Feature Level 11_0)
[2017.11.24-09.27.12:367][  0]LogD3D11RHI:       2020/0/8157 MB DedicatedVideo/DedicatedSystem/SharedSystem, Outputs:1, VendorId:0x10de
[2017.11.24-09.27.12:375][  0]LogD3D11RHI:    1. 'Intel(R) HD Graphics Family' (Feature Level 11_0)
[2017.11.24-09.27.12:375][  0]LogD3D11RHI:       112/0/2048 MB DedicatedVideo/DedicatedSystem/SharedSystem, Outputs:0, VendorId:0x8086
[2017.11.24-09.27.12:377][  0]LogD3D11RHI:    2. 'Microsoft Basic Render Driver' (Feature Level 11_0)
[2017.11.24-09.27.12:377][  0]LogD3D11RHI:       0/0/8157 MB DedicatedVideo/DedicatedSystem/SharedSystem, Outputs:0, VendorId:0x1414
[2017.11.24-09.27.12:377][  0]LogD3D11RHI: Chosen D3D11 Adapter: 0
[2017.11.24-09.27.12:384][  0]LogD3D11RHI: Creating new Direct3DDevice
[2017.11.24-09.27.12:384][  0]LogD3D11RHI:     GPU DeviceId: 0x1341 (for the marketing name, search the web for "GPU Device Id")
[2017.11.24-09.27.12:384][  0]LogWindows: EnumDisplayDevices:
[2017.11.24-09.27.12:384][  0]LogWindows:    0. 'Intel(R) HD Graphics Family' (P:1 D:1)
[2017.11.24-09.27.12:384][  0]LogWindows:    1. 'Intel(R) HD Graphics Family' (P:0 D:0)
[2017.11.24-09.27.12:384][  0]LogWindows:    2. 'Intel(R) HD Graphics Family' (P:0 D:0)
[2017.11.24-09.27.12:385][  0]LogWindows: DebugString: GetVideoDriverDetailsInvalid PrimaryIsNotTheChoosenAdapter GetVideoDriverDetailsInvalid PrimaryIsNotTheChoosenAdapter GetVideoDriverDetailsInvalid PrimaryIsNotTheChoosenAdapter FoundDriverCount:0 
[2017.11.24-09.27.12:385][  0]LogD3D11RHI:     Adapter Name: NVIDIA GeForce 840M
[2017.11.24-09.27.12:385][  0]LogD3D11RHI:   Driver Version: Unknown (internal:Unknown, unified:Unknown)
[2017.11.24-09.27.12:385][  0]LogD3D11RHI:      Driver Date: Unknown
[2017.11.24-09.27.12:385][  0]LogRHI: Texture pool is 1361 MB (70% of 1945 MB)
[2017.11.24-09.27.12:421][  0]LogD3D11RHI: Async texture creation enabled
[2017.11.24-09.27.12:436][  0]LogD3D11RHI: GPU Timing Frequency: 1000.000000 (Debug: 2 1)
[2017.11.24-09.27.12:438][  0]LogShaderCompilers: Guid format shader working directory is -7 characters bigger than the processId version (C:/Users/Rajit/Documents/Unreal Projects/attack_Build/Intermediate/Shaders/WorkingDirectory/1280/).
[2017.11.24-09.27.12:438][  0]LogShaderCompilers: Cleaned the shader compiler working directory 'C:/Users/Rajit/AppData/Local/Temp/UnrealShaderWorkingDir/2FB2E7AE4FAC909B6222519EC9C12775/'.
[2017.11.24-09.27.12:438][  0]LogShaderCompilers: Display: Using Local Shader Compiler.
[2017.11.24-09.27.13:758][  0]LogTemp: Display: Loaded TP AllDesktopTargetPlatform
[2017.11.24-09.27.13:813][  0]LogTemp: Display: Loaded TP MacClientTargetPlatform
[2017.11.24-09.27.13:870][  0]LogTemp: Display: Loaded TP MacNoEditorTargetPlatform
[2017.11.24-09.27.13:924][  0]LogTemp: Display: Loaded TP MacServerTargetPlatform
[2017.11.24-09.27.13:976][  0]LogTemp: Display: Loaded TP MacTargetPlatform
[2017.11.24-09.27.14:025][  0]LogTemp: Display: Loaded TP WindowsClientTargetPlatform
[2017.11.24-09.27.14:075][  0]LogTemp: Display: Loaded TP WindowsNoEditorTargetPlatform
[2017.11.24-09.27.14:130][  0]LogTemp: Display: Loaded TP WindowsServerTargetPlatform
[2017.11.24-09.27.14:176][  0]LogTemp: Display: Loaded TP WindowsTargetPlatform
[2017.11.24-09.27.14:227][  0]LogTemp: Display: Loaded TP AndroidTargetPlatform
[2017.11.24-09.27.14:278][  0]LogTemp: Display: Loaded TP Android_ASTCTargetPlatform
[2017.11.24-09.27.14:330][  0]LogTemp: Display: Loaded TP Android_ATCTargetPlatform
[2017.11.24-09.27.14:379][  0]LogTemp: Display: Loaded TP Android_DXTTargetPlatform
[2017.11.24-09.27.14:428][  0]LogTemp: Display: Loaded TP Android_ETC1TargetPlatform
[2017.11.24-09.27.14:478][  0]LogTemp: Display: Loaded TP Android_ETC2TargetPlatform
[2017.11.24-09.27.14:579][  0]LogTemp: Display: Loaded TP Android_MultiTargetPlatform
[2017.11.24-09.27.14:579][  0]LogTemp: Display: Loaded TP Android_PVRTCTargetPlatform
[2017.11.24-09.27.14:619][  0]LogTemp: Display: Loaded TP HTML5TargetPlatform
[2017.11.24-09.27.14:711][  0]LogTemp: Display: Loaded TP IOSTargetPlatform
[2017.11.24-09.27.14:741][  0]LogTemp: Display: Loaded TP TVOSTargetPlatform
[2017.11.24-09.27.14:795][  0]LogTemp: Display: Loaded TP LinuxClientTargetPlatform
[2017.11.24-09.27.14:846][  0]LogTemp: Display: Loaded TP LinuxNoEditorTargetPlatform
[2017.11.24-09.27.14:893][  0]LogTemp: Display: Loaded TP LinuxServerTargetPlatform
[2017.11.24-09.27.14:944][  0]LogTemp: Display: Loaded TP LinuxTargetPlatform
[2017.11.24-09.27.14:944][  0]LogTargetPlatformManager: Display: Building Assets For Windows
[2017.11.24-09.27.15:413][  0]LogDerivedDataCache: Display: Max Cache Size: 512 MB
[2017.11.24-09.27.15:630][  0]LogDerivedDataCache: Loaded boot cache 0.22s 93MB C:/Users/Rajit/AppData/Local/UnrealEngine/4.17/DerivedDataCache/Boot.ddc.
[2017.11.24-09.27.15:630][  0]LogDerivedDataCache: Display: Loaded Boot cache: C:/Users/Rajit/AppData/Local/UnrealEngine/4.17/DerivedDataCache/Boot.ddc
[2017.11.24-09.27.15:630][  0]LogDerivedDataCache: FDerivedDataBackendGraph:  Pak pak cache file C:/Users/Rajit/Documents/Unreal Projects/attack_Build/DerivedDataCache/DDC.ddp not found, will not use a pak cache.
[2017.11.24-09.27.15:630][  0]LogDerivedDataCache: Unable to find inner node Pak for hierarchical cache Hierarchy.
[2017.11.24-09.27.15:630][  0]LogDerivedDataCache: FDerivedDataBackendGraph:  CompressedPak pak cache file C:/Users/Rajit/Documents/Unreal Projects/attack_Build/DerivedDataCache/Compressed.ddp not found, will not use a pak cache.
[2017.11.24-09.27.15:630][  0]LogDerivedDataCache: Unable to find inner node CompressedPak for hierarchical cache Hierarchy.
[2017.11.24-09.27.15:669][  0]LogDerivedDataCache: Display: Pak cache opened for reading ../../../Engine/DerivedDataCache/Compressed.ddp.
[2017.11.24-09.27.15:684][  0]LogDerivedDataCache: Using Local data cache path C:/Users/Rajit/AppData/Local/UnrealEngine/Common/DerivedDataCache: Writable
[2017.11.24-09.27.15:723][  0]LogMaterial: Verifying Global Shaders for PCD3D_SM5
[2017.11.24-09.27.15:724][  0]LogSlate: Using Freetype 2.6.0
[2017.11.24-09.27.15:726][  0]LogSlate: SlateFontCache - WITH_FREETYPE: 1, WITH_HARFBUZZ: 1
[2017.11.24-09.27.15:727][  0]LogSlate: SlateFontCache - WITH_FREETYPE: 1, WITH_HARFBUZZ: 1
[2017.11.24-09.27.16:316][  0]LogAssetRegistry: FAssetRegistry took 0.0270 seconds to start up
[2017.11.24-09.27.16:481][  0]LogInit: Selected Device Profile: [Windows]
[2017.11.24-09.27.16:632][  0]LogContentStreaming: Texture pool size is 0.00 MB
[2017.11.24-09.27.16:881][  0]LogSimplygon: Simplygon DLL not present - disabling.
[2017.11.24-09.27.16:909][  0]LogMeshReduction: Using SimplygonSwarm for distributed automatic mesh merging
[2017.11.24-09.27.16:909][  0]LogMeshReduction: Using QuadricMeshReduction for automatic static mesh reduction
[2017.11.24-09.27.16:909][  0]LogMeshReduction: No automatic skeletal mesh reduction module available
[2017.11.24-09.27.16:909][  0]LogMeshReduction: No automatic mesh merging module available
[2017.11.24-09.27.16:909][  0]LogMeshMerging: No automatic mesh merging module available
[2017.11.24-09.27.17:525][  0]LogNetVersion: attack_Build , NetCL: 3573198, EngineNetVer: 2, GameNetVer: 0 (Checksum: 3537348435)
[2017.11.24-09.27.17:762][  0]LogPackageLocalizationCache: Processed 5 localized package path(s) for 2 prioritized culture(s) in 0.052835 seconds
[2017.11.24-09.27.17:769][  0]LogUObjectArray: 35825 objects as part of root set at end of initial load.
[2017.11.24-09.27.17:769][  0]LogUObjectAllocator: 7529112 out of 0 bytes used by permanent object pool.
[2017.11.24-09.27.17:769][  0]LogUObjectArray: CloseDisregardForGC: 0/0 objects in disregard for GC pool
[2017.11.24-09.27.17:811][  0]LogInit: WinSock: version 1.1 (2.2), MaxSocks=32767, MaxUdp=65467
[2017.11.24-09.27.20:578][  0]LogTcpMessaging: Initializing TcpMessaging bridge
[2017.11.24-09.27.20:610][  0]LogUdpMessaging: Initializing bridge on interface 0.0.0.0:0 to multicast group 230.0.0.1:6666.
[2017.11.24-09.27.21:183][  0]LogMaterial: Uniform references updated for custom material expression Custom.
[2017.11.24-09.27.21:811][  0]SourceControl: Source control is disabled
[2017.11.24-09.27.21:811][  0]SourceControl: Source control is disabled
[2017.11.24-09.27.21:878][  0]SourceControl: Source control is disabled
[2017.11.24-09.27.21:919][  0]SourceControl: Source control is disabled
[2017.11.24-09.27.22:428][  0]LogAndroidPermission: UAndroidPermissionCallbackProxy::GetInstance
[2017.11.24-09.27.22:612][  0]LogOcInput: OculusInput pre-init called
[2017.11.24-09.27.22:821][  0]LogEngine: Initializing Engine...
[2017.11.24-09.27.22:823][  0]LogHMD: Failed to initialize OpenVR with code 110
[2017.11.24-09.27.23:148][  0]LogStats: UGameplayTagsManager::ConstructGameplayTagTree: Construct from data asset -  0.000 s
[2017.11.24-09.27.23:149][  0]LogStats: UGameplayTagsManager::ConstructGameplayTagTree: GameplayTagTreeChangedEvent.Broadcast -  0.000 s
[2017.11.24-09.27.23:250][  0]LogAIModule: Creating AISystem for world Untitled
[2017.11.24-09.27.23:256][  0]LogInit: XAudio2 using 'Speaker/HP (Realtek High Definition Audio)' : 2 channels at 48 kHz using 32 bits per sample (channel mask 0x3)
[2017.11.24-09.27.23:469][  0]LogInit: FAudioDevice initialized.
[2017.11.24-09.27.23:717][  0]LogDerivedDataCache: Saved boot cache 0.25s 93MB C:/Users/Rajit/AppData/Local/UnrealEngine/4.17/DerivedDataCache/Boot.ddc.
[2017.11.24-09.27.23:752][  0]LogInit: Texture streaming: Enabled
[2017.11.24-09.27.24:018][  0]LogEngineSessionManager: EngineSessionManager initialized
[2017.11.24-09.27.24:344][  0]LogInit: Transaction tracking system initialized
[2017.11.24-09.27.24:565][  0]BlueprintLog: New page: Editor Load
[2017.11.24-09.27.25:400][  0]LocalizationService: Localization service is disabled
[2017.11.24-09.27.26:023][  0]LogConsoleResponse: Display: 
[2017.11.24-09.27.26:215][  0]LogCook: Display: Max memory allowance for cook 16384mb min free memory 0mb
[2017.11.24-09.27.26:216][  0]LogCook: Display: Mobile HDR setting 1
[2017.11.24-09.27.26:216][  0]LogGameplayTags: Display: UGameplayTagsManager::DoneAddingNativeTags. DelegateIsBound: 0
[2017.11.24-09.27.26:689][  0]LogFileCache: Scanning file cache for directory 'C:/Users/Rajit/Documents/Unreal Projects/attack_Build/Content/' took 0.01s
[2017.11.24-09.27.27:044][  0]SourceControl: Source control is disabled
[2017.11.24-09.27.27:044][  0]Cmd: MAP LOAD FILE="../../../Engine/Content/Maps/Templates/Template_Default.umap" TEMPLATE=1 SHOWPROGRESS=1 FEATURELEVEL=3
[2017.11.24-09.27.27:045][  0]LightingResults: New page: Lighting Build
[2017.11.24-09.27.27:085][  0]MapCheck: New page: Map Check
[2017.11.24-09.27.27:086][  0]LightingResults: New page: Lighting Build
[2017.11.24-09.27.27:328][  0]LogAIModule: Creating AISystem for world Untitled_1
[2017.11.24-09.27.27:336][  0]LogEditorServer: Finished looking for orphan Actors (0.000 secs)
[2017.11.24-09.27.27:356][  0]Cmd: MAP CHECKDEP NOCLEARLOG
[2017.11.24-09.27.27:396][  0]MapCheck: Map check complete: 0 Error(s), 0 Warning(s), took 40.117ms to complete.
[2017.11.24-09.27.27:396][  0]LogFileHelpers: Loading map 'Template_Default' took 0.352
[2017.11.24-09.27.27:482][  0]LogWindowsTextInputMethodSystem: Display: IME system now deactivated.
[2017.11.24-09.27.27:733][  0]LogCollectionManager: Loaded 0 collections in 0.001017 seconds
[2017.11.24-09.27.27:839][  0]LogFileCache: Scanning file cache for directory 'C:/Users/Rajit/Documents/Unreal Projects/attack_Build/Saved/Collections/' took 0.01s
[2017.11.24-09.27.27:839][  0]LogFileCache: Scanning file cache for directory 'C:/Users/Rajit/Documents/Unreal Projects/attack_Build/Content/Developers/Rajit/Collections/' took 0.01s
[2017.11.24-09.27.27:839][  0]LogFileCache: Scanning file cache for directory 'C:/Users/Rajit/Documents/Unreal Projects/attack_Build/Content/Collections/' took 0.01s
[2017.11.24-09.27.27:839][  0]LogCollectionManager: Rebuilt the GUID cache for 0 collections in 0.000007 seconds
[2017.11.24-09.27.27:858][  0]LogContentBrowser: Native class hierarchy populated in 0.0192 seconds. Added 2386 classes and 500 folders.
[2017.11.24-09.27.27:955][  0]LogContentBrowser: Native class hierarchy updated for 'WidgetCarousel' in 0.0013 seconds. Added 0 classes and 0 folders.
[2017.11.24-09.27.28:009][  0]LogContentBrowser: Native class hierarchy updated for 'AddContentDialog' in 0.0008 seconds. Added 0 classes and 0 folders.
[2017.11.24-09.27.28:042][  0]LogContentBrowser: Native class hierarchy updated for 'SceneOutliner' in 0.0009 seconds. Added 1 classes and 2 folders.
[2017.11.24-09.27.28:071][  0]LogSlate: Took 0.000275 seconds to synchronously load lazily loaded font '../../../Engine/Content/Slate/Fonts/Roboto-Regular.ttf' (155K)
[2017.11.24-09.27.28:075][  0]LogSlate: Took 0.000314 seconds to synchronously load lazily loaded font '../../../Engine/Content/Slate/Fonts/Roboto-Bold.ttf' (160K)
[2017.11.24-09.27.28:087][  0]LogSlate: Took 0.000565 seconds to synchronously load lazily loaded font '../../../Engine/Content/Editor/Slate/Fonts/FontAwesome.ttf' (139K)
[2017.11.24-09.27.28:545][  0]LogRenderer: Reallocating scene render targets to support 668x364 Format 10 NumSamples 1 (Frame:1).
[2017.11.24-09.27.28:942][  0]LogContentBrowser: Native class hierarchy updated for 'HierarchicalLODOutliner' in 0.0028 seconds. Added 1 classes and 2 folders.
[2017.11.24-09.27.28:943][  0]LogLoad: (Engine Initialization) Total time: 19.37 seconds
[2017.11.24-09.27.28:943][  0]LogLoad: (Engine Initialization) Total Blueprint compile time: 0.00 seconds
[2017.11.24-09.27.28:944][  0]LogExternalProfiler: No external profilers were discovered.  External profiling features will not be available.
[2017.11.24-09.27.28:977][  0]LogContentStreaming: Texture pool size now 1000 MB
[2017.11.24-09.27.29:005][  0]LogSlate: Took 0.000359 seconds to synchronously load lazily loaded font '../../../Engine/Content/Slate/Fonts/Roboto-Light.ttf' (159K)
[2017.11.24-09.27.29:152][  2]LogAssetRegistry: Asset discovery search completed in 12.8577 seconds
[2017.11.24-09.27.29:156][  2]LogCollectionManager: Rebuilt the object cache for 0 collections in 0.000001 seconds (found 0 objects)
[2017.11.24-09.27.29:156][  2]LogCollectionManager: Fixed up redirectors for 0 collections in 0.000092 seconds (updated 0 objects)
[2017.11.24-09.27.45:941][738]LogSlate: Took 0.000217 seconds to synchronously load lazily loaded font '../../../Engine/Content/Slate/Fonts/Roboto-Light.ttf' (159K)
[2017.11.24-09.27.46:231][738]LogBlueprint: Warning: [Compiler ThirdPersonCharacter] Input Axis Event references unknown Axis 'MoveRight' for  InputAxis MoveRight
[2017.11.24-09.27.46:232][738]LogBlueprint: Warning: [Compiler ThirdPersonCharacter] InputAction Event references unknown Action 'Jump' for  InputAction Jump
[2017.11.24-09.27.46:232][738]LogBlueprint: Warning: [Compiler ThirdPersonCharacter] Input Axis Event references unknown Axis 'LookUp' for  InputAxis LookUp
[2017.11.24-09.27.46:232][738]LogBlueprint: Warning: [Compiler ThirdPersonCharacter] Input Axis Event references unknown Axis 'MoveForward' for  InputAxis MoveForward
[2017.11.24-09.27.46:232][738]LogBlueprint: Warning: [Compiler ThirdPersonCharacter] Input Axis Event references unknown Axis 'Turn' for  InputAxis Turn
[2017.11.24-09.27.46:232][738]LogBlueprint: Warning: [Compiler ThirdPersonCharacter] InputAction Event references unknown Action 'ResetVR' for  InputAction ResetVR
[2017.11.24-09.27.46:232][738]LogBlueprint: Warning: [Compiler ThirdPersonCharacter] Input Axis Event references unknown Axis 'LookUpRate' for  InputAxis LookUpRate
[2017.11.24-09.27.46:233][738]LogBlueprint: Warning: [Compiler ThirdPersonCharacter] Input Axis Event references unknown Axis 'TurnRate' for  InputAxis TurnRate
[2017.11.24-09.27.46:245][738]LogBlueprint: Warning: [Compiler ThirdPersonCharacter] [0036.67] Compile of ThirdPersonCharacter successful, but with 8 Warning(s) [in 43 ms] (/Game/ThirdPersonBP/Blueprints/ThirdPersonCharacter.ThirdPersonCharacter)
[2017.11.24-09.27.46:707][738]LogAIModule: Creating AISystem for world attack_lev
[2017.11.24-09.27.46:742][738]Cmd: MAP LOAD FILE="C:/Users/Rajit/Documents/Unreal Projects/attack_Build/Content/ThirdPersonBP/Maps/attack_lev.umap" TEMPLATE=0 SHOWPROGRESS=1 FEATURELEVEL=3
[2017.11.24-09.27.46:742][738]LightingResults: New page: Lighting Build
[2017.11.24-09.27.46:743][738]LoadErrors: New page: Loading map: attack_lev.umap
[2017.11.24-09.27.46:744][738]MapCheck: New page: Map Check
[2017.11.24-09.27.46:744][738]LightingResults: New page: Lighting Build
[2017.11.24-09.27.46:768][738]LogEditorServer: Finished looking for orphan Actors (0.000 secs)
[2017.11.24-09.27.46:906][738]Cmd: MAP CHECKDEP NOCLEARLOG
[2017.11.24-09.27.46:965][738]MapCheck: Map check complete: 0 Error(s), 0 Warning(s), took 58.785ms to complete.
[2017.11.24-09.27.46:966][738]LogFileHelpers: Loading map 'attack_lev' took 0.225
[2017.11.24-09.28.08:123][529]LogRenderer: Reallocating scene render targets to support 676x364 Format 10 NumSamples 1 (Frame:1765).
[2017.11.24-09.28.08:174][530]LogRenderer: Reallocating scene render targets to support 700x364 Format 10 NumSamples 1 (Frame:1767).
[2017.11.24-09.28.08:223][531]LogRenderer: Reallocating scene render targets to support 744x364 Format 10 NumSamples 1 (Frame:1769).
[2017.11.24-09.28.08:278][532]LogRenderer: Reallocating scene render targets to support 772x364 Format 10 NumSamples 1 (Frame:1771).
[2017.11.24-09.28.08:328][533]LogRenderer: Reallocating scene render targets to support 784x364 Format 10 NumSamples 1 (Frame:1773).
[2017.11.24-09.28.08:376][534]LogRenderer: Reallocating scene render targets to support 788x364 Format 10 NumSamples 1 (Frame:1775).
[2017.11.24-09.28.08:575][537]LogRenderer: Reallocating scene render targets to support 792x364 Format 10 NumSamples 1 (Frame:1781).
[2017.11.24-09.28.09:771][633]LogTemp: Repeating last play command: Selected Viewport
[2017.11.24-09.28.09:850][633]LogBlueprintUserMessages: Early PlayInEditor Detection: Level '/Game/ThirdPersonBP/Maps/attack_lev.attack_lev:PersistentLevel' has LevelScriptBlueprint '/Game/ThirdPersonBP/Maps/attack_lev.attack_lev:PersistentLevel.attack_lev' with GeneratedClass '/Game/ThirdPersonBP/Maps/attack_lev.attack_lev_C' with ClassGeneratedBy '/Game/ThirdPersonBP/Maps/attack_lev.attack_lev:PersistentLevel.attack_lev'
[2017.11.24-09.28.09:850][633]LogPlayLevel: PlayLevel: No blueprints needed recompiling
[2017.11.24-09.28.09:851][633]PIE: New page: PIE session: attack_lev (24-Nov-2017 8:28:09 pm)
[2017.11.24-09.28.09:851][633]LogPlayLevel: Creating play world package: /Game/ThirdPersonBP/Maps/UEDPIE_0_attack_lev
[2017.11.24-09.28.09:895][633]LogPlayLevel: PIE: StaticDuplicateObject took: (0.044354s)
[2017.11.24-09.28.09:896][633]LogAIModule: Creating AISystem for world attack_lev
[2017.11.24-09.28.09:897][633]LogPlayLevel: PIE: World Init took: (0.001246s)
[2017.11.24-09.28.09:899][633]LogPlayLevel: PIE: Created PIE world by copying editor world from /Game/ThirdPersonBP/Maps/attack_lev.attack_lev to /Game/ThirdPersonBP/Maps/UEDPIE_0_attack_lev.attack_lev (0.047371s)
[2017.11.24-09.28.09:924][633]LogInit: XAudio2 using 'Speaker/HP (Realtek High Definition Audio)' : 2 channels at 48 kHz using 32 bits per sample (channel mask 0x3)
[2017.11.24-09.28.09:943][633]LogInit: FAudioDevice initialized.
[2017.11.24-09.28.09:990][633]LogLoad: Game class is 'GameModeBase'
[2017.11.24-09.28.09:994][633]LogWorld: Bringing World /Game/ThirdPersonBP/Maps/UEDPIE_0_attack_lev.attack_lev up for play (max tick rate 0) at 2017.11.24-14.58.09
[2017.11.24-09.28.09:995][633]LogWorld: Bringing up level for play took: 0.003341
[2017.11.24-09.28.10:029][633]LogContentBrowser: Native class hierarchy updated for 'MovieSceneCapture' in 0.0008 seconds. Added 11 classes and 0 folders.
[2017.11.24-09.28.10:030][633]PIE: Play in editor start time for /Game/ThirdPersonBP/Maps/UEDPIE_0_attack_lev -0.217
[2017.11.24-09.28.10:030][633]LogBlueprintUserMessages: Late PlayInEditor Detection: Level '/Game/ThirdPersonBP/Maps/attack_lev.attack_lev:PersistentLevel' has LevelScriptBlueprint '/Game/ThirdPersonBP/Maps/attack_lev.attack_lev:PersistentLevel.attack_lev' with GeneratedClass '/Game/ThirdPersonBP/Maps/attack_lev.attack_lev_C' with ClassGeneratedBy '/Game/ThirdPersonBP/Maps/attack_lev.attack_lev:PersistentLevel.attack_lev'
[2017.11.24-09.28.27:248][927]LogBlueprintUserMessages: Early EndPlayMap Detection: Level '/Game/ThirdPersonBP/Maps/attack_lev.attack_lev:PersistentLevel' has LevelScriptBlueprint '/Game/ThirdPersonBP/Maps/attack_lev.attack_lev:PersistentLevel.attack_lev' with GeneratedClass '/Game/ThirdPersonBP/Maps/attack_lev.attack_lev_C' with ClassGeneratedBy '/Game/ThirdPersonBP/Maps/attack_lev.attack_lev:PersistentLevel.attack_lev'
[2017.11.24-09.28.27:292][927]LogBlueprintUserMessages: Late EndPlayMap Detection: Level '/Game/ThirdPersonBP/Maps/attack_lev.attack_lev:PersistentLevel' has LevelScriptBlueprint '/Game/ThirdPersonBP/Maps/attack_lev.attack_lev:PersistentLevel.attack_lev' with GeneratedClass '/Game/ThirdPersonBP/Maps/attack_lev.attack_lev_C' with ClassGeneratedBy '/Game/ThirdPersonBP/Maps/attack_lev.attack_lev:PersistentLevel.attack_lev'
[2017.11.24-09.28.41:111][833]LogContentBrowser: Native class hierarchy updated for 'BlueprintGraph' in 0.0011 seconds. Added 113 classes and 0 folders.
[2017.11.24-09.28.42:053][833]LogSlate: Took 0.000484 seconds to synchronously load lazily loaded font '../../../Engine/Content/Slate/Fonts/Roboto-Regular.ttf' (155K)
[2017.11.24-09.28.42:411][833]LogSlate: Took 0.023753 seconds to synchronously load lazily loaded font '../../../Engine/Content/Editor/Slate/Fonts/Roboto-BoldCondensed.ttf' (158K)
[2017.11.24-09.28.43:255][834]LogSlate: Took 0.054134 seconds to synchronously load lazily loaded font '../../../Engine/Content/Editor/Slate/Fonts/Roboto-Italic.ttf' (157K)
[2017.11.24-09.29.29:571][868]LogTemp: Executing iPhonePackager certificates Engine -bundlename com.YourCompany.attackBuild
[2017.11.24-09.29.29:571][868]LogTemp: CWD: G:\Epic Games\UE_4.17\Engine\Binaries\DotNET\IOS
[2017.11.24-09.29.29:571][868]LogTemp: Initial Dir: G:\Epic Games\UE_4.17
[2017.11.24-09.29.29:571][868]LogTemp: Env CWD: G:\Epic Games\UE_4.17\Engine\Binaries\DotNET\IOS
[2017.11.24-09.29.29:585][869]LogTemp: BranchPath = P073TX/G/Epic Games/UE_4.17/Engine/Binaries --- GameBranchPath = P073TX/G/Epic Games/UE_4.17/Engine/Binaries
[2017.11.24-09.29.29:891][889]LogTemp: IPP ERROR: Could not find provision directory 'C:\Users\Rajit\AppData\Local/Apple Computer/MobileDevice/Provisioning Profiles/'.
[2017.11.24-09.31.21:519][333]BlueprintLog: New page: Compile ThirdPersonCharacter
[2017.11.24-09.31.21:631][333]LogBlueprint: Warning: [Compiler ThirdPersonCharacter] InputAction Event references unknown Action 'Jump' for  InputAction Jump
[2017.11.24-09.31.21:631][333]LogBlueprint: Warning: [Compiler ThirdPersonCharacter] Input Axis Event references unknown Axis 'LookUp' for  InputAxis LookUp
[2017.11.24-09.31.21:632][333]LogBlueprint: Warning: [Compiler ThirdPersonCharacter] Input Axis Event references unknown Axis 'Turn' for  InputAxis Turn
[2017.11.24-09.31.21:632][333]LogBlueprint: Warning: [Compiler ThirdPersonCharacter] InputAction Event references unknown Action 'ResetVR' for  InputAction ResetVR
[2017.11.24-09.31.21:632][333]LogBlueprint: Warning: [Compiler ThirdPersonCharacter] Input Axis Event references unknown Axis 'LookUpRate' for  InputAxis LookUpRate
[2017.11.24-09.31.21:632][333]LogBlueprint: Warning: [Compiler ThirdPersonCharacter] Input Axis Event references unknown Axis 'TurnRate' for  InputAxis TurnRate
[2017.11.24-09.31.22:172][333]LogBlueprint: Warning: [Compiler ThirdPersonCharacter] [0252.60] Compile of ThirdPersonCharacter successful, but with 6 Warning(s) [in 653 ms] (/Game/ThirdPersonBP/Blueprints/ThirdPersonCharacter.ThirdPersonCharacter)
[2017.11.24-09.31.51:270][215]LogD3D11RHI: Timed out while waiting for GPU to catch up. (0.5 s)
[2017.11.24-09.31.55:544][681]LogEditorTransaction: Undo Delete current selection
[2017.11.24-09.31.55:647][681]LogSlate: Took 0.000227 seconds to synchronously load lazily loaded font '../../../Engine/Content/Slate/Fonts/Roboto-Light.ttf' (159K)
[2017.11.24-09.32.20:408][949]LogTemp: Executing iPhonePackager certificates Engine -bundlename com.YourCompany.attackBuild
[2017.11.24-09.32.20:408][949]LogTemp: CWD: G:\Epic Games\UE_4.17\Engine\Binaries\DotNET\IOS
[2017.11.24-09.32.20:408][949]LogTemp: Initial Dir: G:\Epic Games\UE_4.17
[2017.11.24-09.32.20:408][949]LogTemp: Env CWD: G:\Epic Games\UE_4.17\Engine\Binaries\DotNET\IOS
[2017.11.24-09.32.20:413][949]LogTemp: BranchPath = P073TX/G/Epic Games/UE_4.17/Engine/Binaries --- GameBranchPath = P073TX/G/Epic Games/UE_4.17/Engine/Binaries
[2017.11.24-09.32.20:430][949]LogTemp: IPP ERROR: Could not find provision directory 'C:\Users\Rajit\AppData\Local/Apple Computer/MobileDevice/Provisioning Profiles/'.
[2017.11.24-09.32.59:720][234]BlueprintLog: New page: Compile ThirdPersonCharacter
[2017.11.24-09.32.59:823][234]LogBlueprint: Warning: [Compiler ThirdPersonCharacter] Input Axis Event references unknown Axis 'LookUpRate' for  InputAxis LookUpRate
[2017.11.24-09.32.59:824][234]LogBlueprint: Warning: [Compiler ThirdPersonCharacter] Input Axis Event references unknown Axis 'TurnRate' for  InputAxis TurnRate
[2017.11.24-09.33.00:449][234]LogBlueprint: Warning: [Compiler ThirdPersonCharacter] [0350.88] Compile of ThirdPersonCharacter successful, but with 2 Warning(s) [in 728 ms] (/Game/ThirdPersonBP/Blueprints/ThirdPersonCharacter.ThirdPersonCharacter)
[2017.11.24-09.33.53:355][610]LogD3D11RHI: Timed out while waiting for GPU to catch up. (0.5 s)
[2017.11.24-09.33.58:555][162]BlueprintLog: New page: Compile ThirdPersonCharacter
[2017.11.24-09.37.23:048][614]LogTemp: Repeating last play command: Selected Viewport
[2017.11.24-09.37.23:097][614]LogBlueprintUserMessages: Early PlayInEditor Detection: Level '/Game/ThirdPersonBP/Maps/attack_lev.attack_lev:PersistentLevel' has LevelScriptBlueprint '/Game/ThirdPersonBP/Maps/attack_lev.attack_lev:PersistentLevel.attack_lev' with GeneratedClass '/Game/ThirdPersonBP/Maps/attack_lev.attack_lev_C' with ClassGeneratedBy '/Game/ThirdPersonBP/Maps/attack_lev.attack_lev:PersistentLevel.attack_lev'
[2017.11.24-09.37.23:098][614]LogPlayLevel: PlayLevel: No blueprints needed recompiling
[2017.11.24-09.37.23:098][614]PIE: New page: PIE session: attack_lev (24-Nov-2017 8:37:23 pm)
[2017.11.24-09.37.23:098][614]LogPlayLevel: Creating play world package: /Game/ThirdPersonBP/Maps/UEDPIE_0_attack_lev
[2017.11.24-09.37.23:143][614]LogPlayLevel: PIE: StaticDuplicateObject took: (0.044703s)
[2017.11.24-09.37.23:145][614]LogAIModule: Creating AISystem for world attack_lev
[2017.11.24-09.37.23:146][614]LogPlayLevel: PIE: World Init took: (0.002748s)
[2017.11.24-09.37.23:147][614]LogPlayLevel: PIE: Created PIE world by copying editor world from /Game/ThirdPersonBP/Maps/attack_lev.attack_lev to /Game/ThirdPersonBP/Maps/UEDPIE_0_attack_lev.attack_lev (0.048759s)
[2017.11.24-09.37.23:214][614]LogInit: XAudio2 using 'Speaker/HP (Realtek High Definition Audio)' : 2 channels at 48 kHz using 32 bits per sample (channel mask 0x3)
[2017.11.24-09.37.23:249][614]LogInit: FAudioDevice initialized.
[2017.11.24-09.37.23:291][614]LogLoad: Game class is 'GameModeBase'
[2017.11.24-09.37.23:297][614]LogWorld: Bringing World /Game/ThirdPersonBP/Maps/UEDPIE_0_attack_lev.attack_lev up for play (max tick rate 60) at 2017.11.24-15.07.23
[2017.11.24-09.37.23:298][614]LogWorld: Bringing up level for play took: 0.006354
[2017.11.24-09.37.23:301][614]PIE: Play in editor start time for /Game/ThirdPersonBP/Maps/UEDPIE_0_attack_lev 1.054
[2017.11.24-09.37.23:301][614]LogBlueprintUserMessages: Late PlayInEditor Detection: Level '/Game/ThirdPersonBP/Maps/attack_lev.attack_lev:PersistentLevel' has LevelScriptBlueprint '/Game/ThirdPersonBP/Maps/attack_lev.attack_lev:PersistentLevel.attack_lev' with GeneratedClass '/Game/ThirdPersonBP/Maps/attack_lev.attack_lev_C' with ClassGeneratedBy '/Game/ThirdPersonBP/Maps/attack_lev.attack_lev:PersistentLevel.attack_lev'
[2017.11.24-09.37.31:493][100]LogBlueprintUserMessages: Early EndPlayMap Detection: Level '/Game/ThirdPersonBP/Maps/attack_lev.attack_lev:PersistentLevel' has LevelScriptBlueprint '/Game/ThirdPersonBP/Maps/attack_lev.attack_lev:PersistentLevel.attack_lev' with GeneratedClass '/Game/ThirdPersonBP/Maps/attack_lev.attack_lev_C' with ClassGeneratedBy '/Game/ThirdPersonBP/Maps/attack_lev.attack_lev:PersistentLevel.attack_lev'
[2017.11.24-09.37.31:565][100]LogBlueprintUserMessages: Late EndPlayMap Detection: Level '/Game/ThirdPersonBP/Maps/attack_lev.attack_lev:PersistentLevel' has LevelScriptBlueprint '/Game/ThirdPersonBP/Maps/attack_lev.attack_lev:PersistentLevel.attack_lev' with GeneratedClass '/Game/ThirdPersonBP/Maps/attack_lev.attack_lev_C' with ClassGeneratedBy '/Game/ThirdPersonBP/Maps/attack_lev.attack_lev:PersistentLevel.attack_lev'
[2017.11.24-09.38.02:665][660]BlueprintLog: New page: Compile mutantpawn
[2017.11.24-09.38.05:394][788]LogTemp: Repeating last play command: Selected Viewport
[2017.11.24-09.38.05:411][788]LogBlueprintUserMessages: Early PlayInEditor Detection: Level '/Game/ThirdPersonBP/Maps/attack_lev.attack_lev:PersistentLevel' has LevelScriptBlueprint '/Game/ThirdPersonBP/Maps/attack_lev.attack_lev:PersistentLevel.attack_lev' with GeneratedClass '/Game/ThirdPersonBP/Maps/attack_lev.attack_lev_C' with ClassGeneratedBy '/Game/ThirdPersonBP/Maps/attack_lev.attack_lev:PersistentLevel.attack_lev'
[2017.11.24-09.38.05:411][788]LogPlayLevel: PlayLevel: No blueprints needed recompiling
[2017.11.24-09.38.05:411][788]PIE: New page: PIE session: attack_lev (24-Nov-2017 8:38:05 pm)
[2017.11.24-09.38.05:411][788]LogPlayLevel: Creating play world package: /Game/ThirdPersonBP/Maps/UEDPIE_0_attack_lev
[2017.11.24-09.38.05:437][788]LogPlayLevel: PIE: StaticDuplicateObject took: (0.026023s)
[2017.11.24-09.38.05:438][788]LogAIModule: Creating AISystem for world attack_lev
[2017.11.24-09.38.05:439][788]LogPlayLevel: PIE: World Init took: (0.001672s)
[2017.11.24-09.38.05:439][788]LogPlayLevel: PIE: Created PIE world by copying editor world from /Game/ThirdPersonBP/Maps/attack_lev.attack_lev to /Game/ThirdPersonBP/Maps/UEDPIE_0_attack_lev.attack_lev (0.028147s)
[2017.11.24-09.38.05:473][788]LogInit: XAudio2 using 'Speaker/HP (Realtek High Definition Audio)' : 2 channels at 48 kHz using 32 bits per sample (channel mask 0x3)
[2017.11.24-09.38.05:489][788]LogInit: FAudioDevice initialized.
[2017.11.24-09.38.05:523][788]LogLoad: Game class is 'GameModeBase'
[2017.11.24-09.38.05:527][788]LogWorld: Bringing World /Game/ThirdPersonBP/Maps/UEDPIE_0_attack_lev.attack_lev up for play (max tick rate 60) at 2017.11.24-15.08.05
[2017.11.24-09.38.05:527][788]LogWorld: Bringing up level for play took: 0.003343
[2017.11.24-09.38.05:528][788]PIE: Play in editor start time for /Game/ThirdPersonBP/Maps/UEDPIE_0_attack_lev -0.718
[2017.11.24-09.38.05:529][788]LogBlueprintUserMessages: Late PlayInEditor Detection: Level '/Game/ThirdPersonBP/Maps/attack_lev.attack_lev:PersistentLevel' has LevelScriptBlueprint '/Game/ThirdPersonBP/Maps/attack_lev.attack_lev:PersistentLevel.attack_lev' with GeneratedClass '/Game/ThirdPersonBP/Maps/attack_lev.attack_lev_C' with ClassGeneratedBy '/Game/ThirdPersonBP/Maps/attack_lev.attack_lev:PersistentLevel.attack_lev'
[2017.11.24-09.38.10:391][ 74]LogAnimation: Warning: Setting an additive animation (jump) on an AnimSingleNodeInstance (AnimSingleNodeInstance /Game/ThirdPersonBP/Maps/UEDPIE_0_attack_lev.attack_lev:PersistentLevel.mutantpawn_365.Sk_mesh.AnimSingleNodeInstance_2) is not allowed. This will not function correctly in cooked builds!
[2017.11.24-09.39.02:333][186]LogBlueprintUserMessages: Early EndPlayMap Detection: Level '/Game/ThirdPersonBP/Maps/attack_lev.attack_lev:PersistentLevel' has LevelScriptBlueprint '/Game/ThirdPersonBP/Maps/attack_lev.attack_lev:PersistentLevel.attack_lev' with GeneratedClass '/Game/ThirdPersonBP/Maps/attack_lev.attack_lev_C' with ClassGeneratedBy '/Game/ThirdPersonBP/Maps/attack_lev.attack_lev:PersistentLevel.attack_lev'
[2017.11.24-09.39.02:416][186]LogBlueprintUserMessages: Late EndPlayMap Detection: Level '/Game/ThirdPersonBP/Maps/attack_lev.attack_lev:PersistentLevel' has LevelScriptBlueprint '/Game/ThirdPersonBP/Maps/attack_lev.attack_lev:PersistentLevel.attack_lev' with GeneratedClass '/Game/ThirdPersonBP/Maps/attack_lev.attack_lev_C' with ClassGeneratedBy '/Game/ThirdPersonBP/Maps/attack_lev.attack_lev:PersistentLevel.attack_lev'
[2017.11.24-09.39.04:491][249]LogSavePackage: Save=781.73ms
[2017.11.24-09.39.04:491][249]LogSavePackage: Moving 'C:/Users/Rajit/Documents/Unreal Projects/attack_Build/Saved/attack_lev3E09E751405896968AD6A19EC372F8A2.tmp' to 'C:/Users/Rajit/Documents/Unreal Projects/attack_Build/Content/ThirdPersonBP/Maps/attack_lev.umap'
[2017.11.24-09.39.04:496][249]LogSavePackage: Display: Finished SavePackage C:/Users/Rajit/Documents/Unreal Projects/attack_Build/Content/ThirdPersonBP/Maps/attack_lev.umap
[2017.11.24-09.39.04:531][249]LogFileHelpers: Saving map 'attack_lev' took 0.927
[2017.11.24-09.39.05:233][249]LogSavePackage: Save=520.73ms
[2017.11.24-09.39.05:233][249]LogSavePackage: Moving 'C:/Users/Rajit/Documents/Unreal Projects/attack_Build/Saved/ThirdPersonCharacterB3A9C80844BC00240F2ECD910583ACEF.tmp' to 'C:/Users/Rajit/Documents/Unreal Projects/attack_Build/Content/ThirdPersonBP/Blueprints/ThirdPersonCharacter.uasset'
[2017.11.24-09.39.05:240][249]LogSavePackage: Display: Finished SavePackage C:/Users/Rajit/Documents/Unreal Projects/attack_Build/Content/ThirdPersonBP/Blueprints/ThirdPersonCharacter.uasset
[2017.11.24-09.39.05:775][249]LogSavePackage: Save=409.42ms
[2017.11.24-09.39.05:777][249]LogSavePackage: Moving 'C:/Users/Rajit/Documents/Unreal Projects/attack_Build/Saved/mutantpawn5196081A4393C252A9C7B09F6A45BE06.tmp' to 'C:/Users/Rajit/Documents/Unreal Projects/attack_Build/Content/ThirdPersonBP/NewFolder/mutant/mutantpawn.uasset'
[2017.11.24-09.39.05:791][249]LogSavePackage: Display: Finished SavePackage C:/Users/Rajit/Documents/Unreal Projects/attack_Build/Content/ThirdPersonBP/NewFolder/mutant/mutantpawn.uasset
[2017.11.24-09.43.45:262][815]LogActorComponent: UnregisterComponent: (/Engine/Transient.EditorFloorComp) Not registered. Aborting.
[2017.11.24-09.43.45:773][816]Cmd: QUIT_EDITOR
[2017.11.24-09.43.46:642][816]LogWindowsTextInputMethodSystem: Display: IME system now deactivated.
[2017.11.24-09.43.46:677][816]LogExit: Preparing to exit.
[2017.11.24-09.43.47:303][816]LogExit: Editor shut down
[2017.11.24-09.43.47:319][816]LogExit: Transaction tracking system shut down
[2017.11.24-09.43.47:525][816]LogDirectoryWatcher: A directory notification for '../../../Engine/Content/' was aborted.
[2017.11.24-09.43.47:525][816]LogDirectoryWatcher: A directory notification for 'C:/Users/Rajit/Documents/Unreal Projects/attack_Build/Content/' was aborted.
[2017.11.24-09.43.47:525][816]LogDirectoryWatcher: A directory notification for '../../../Engine/Plugins/2D/Paper2D/Content/' was aborted.
[2017.11.24-09.43.47:526][816]LogDirectoryWatcher: A directory notification for '../../../Engine/Plugins/Runtime/Oculus/OculusVR/Content/' was aborted.
[2017.11.24-09.43.47:526][816]LogDirectoryWatcher: A directory notification for '../../../Engine/Plugins/Runtime/Steam/SteamVR/Content/' was aborted.
[2017.11.24-09.43.47:792][816]LogExit: Object subsystem successfully closed.
[2017.11.24-09.43.47:820][816]LogD3D11RHI: Shutdown
[2017.11.24-09.43.47:820][816]LogD3D11RHI: CleanupD3DDevice
[2017.11.24-09.43.48:129][816]LogD3D11RHI: ~FD3D11DynamicRHI
[2017.11.24-09.43.48:146][816]LogModuleManager: Shutting down and abandoning module ExternalImagePicker (538)
[2017.11.24-09.43.48:146][816]LogModuleManager: Shutting down and abandoning module BlueprintGraph (536)
[2017.11.24-09.43.48:146][816]LogModuleManager: Shutting down and abandoning module BlueprintProfiler (534)
[2017.11.24-09.43.48:146][816]LogModuleManager: Shutting down and abandoning module MovieSceneCapture (532)
[2017.11.24-09.43.48:146][816]LogModuleManager: Shutting down and abandoning module HierarchicalLODOutliner (530)
[2017.11.24-09.43.48:146][816]LogModuleManager: Shutting down and abandoning module SceneOutliner (528)
[2017.11.24-09.43.48:146][816]LogModuleManager: Shutting down and abandoning module AddContentDialog (526)
[2017.11.24-09.43.48:146][816]LogDirectoryWatcher: A directory notification for 'G:/Epic Games/UE_4.17/FeaturePacks/' was aborted.
[2017.11.24-09.43.48:148][816]LogModuleManager: Shutting down and abandoning module WidgetCarousel (525)
[2017.11.24-09.43.48:148][816]LogModuleManager: Shutting down and abandoning module EditorWidgets (522)
[2017.11.24-09.43.48:148][816]LogModuleManager: Shutting down and abandoning module CollectionManager (520)
[2017.11.24-09.43.48:148][816]LogDirectoryWatcher: A directory notification for 'C:/Users/Rajit/Documents/Unreal Projects/attack_Build/Content/Collections/' was aborted.
[2017.11.24-09.43.48:148][816]LogDirectoryWatcher: A directory notification for 'C:/Users/Rajit/Documents/Unreal Projects/attack_Build/Content/Developers/Rajit/Collections/' was aborted.
[2017.11.24-09.43.48:148][816]LogDirectoryWatcher: A directory notification for 'C:/Users/Rajit/Documents/Unreal Projects/attack_Build/Saved/Collections/' was aborted.
[2017.11.24-09.43.48:148][816]LogModuleManager: Shutting down and abandoning module StatsViewer (518)
[2017.11.24-09.43.48:149][816]LogModuleManager: Shutting down and abandoning module FoliageEdit (516)
[2017.11.24-09.43.48:149][816]LogModuleManager: Shutting down and abandoning module LandscapeEditor (514)
[2017.11.24-09.43.48:149][816]LogModuleManager: Shutting down and abandoning module MeshPaintMode (512)
[2017.11.24-09.43.48:149][816]LogModuleManager: Shutting down and abandoning module SceneDepthPickerMode (510)
[2017.11.24-09.43.48:149][816]LogModuleManager: Shutting down and abandoning module ActorPickerMode (508)
[2017.11.24-09.43.48:149][816]LogModuleManager: Shutting down and abandoning module GeometryMode (506)
[2017.11.24-09.43.48:149][816]LogModuleManager: Shutting down and abandoning module TextureAlignMode (504)
[2017.11.24-09.43.48:149][816]LogModuleManager: Shutting down and abandoning module BspMode (502)
[2017.11.24-09.43.48:149][816]LogModuleManager: Shutting down and abandoning module PIEPreviewDeviceProfileSelector (500)
[2017.11.24-09.43.48:149][816]LogModuleManager: Shutting down and abandoning module HardwareSurvey (498)
[2017.11.24-09.43.48:149][816]LogModuleManager: Shutting down and abandoning module SequenceRecorderSections (496)
[2017.11.24-09.43.48:149][816]LogModuleManager: Shutting down and abandoning module AutomationWorker (494)
[2017.11.24-09.43.48:149][816]LogModuleManager: Shutting down and abandoning module MatineeToLevelSequence (492)
[2017.11.24-09.43.48:149][816]LogModuleManager: Shutting down and abandoning module LevelSequenceEditor (490)
[2017.11.24-09.43.48:149][816]LogModuleManager: Shutting down and abandoning module PlacementMode (489)
[2017.11.24-09.43.48:150][816]LogModuleManager: Shutting down and abandoning module WmfMediaFactory (486)
[2017.11.24-09.43.48:150][816]LogModuleManager: Shutting down and abandoning module WmfMediaEditor (484)
[2017.11.24-09.43.48:150][816]LogModuleManager: Shutting down and abandoning module AvfMediaFactory (482)
[2017.11.24-09.43.48:150][816]LogModuleManager: Shutting down and abandoning module AvfMediaEditor (480)
[2017.11.24-09.43.48:150][816]LogModuleManager: Shutting down and abandoning module AndroidMediaFactory (478)
[2017.11.24-09.43.48:150][816]LogModuleManager: Shutting down and abandoning module Media (477)
[2017.11.24-09.43.48:150][816]LogModuleManager: Shutting down and abandoning module AndroidMediaEditor (474)
[2017.11.24-09.43.48:150][816]LogModuleManager: Shutting down and abandoning module CharacterAI (472)
[2017.11.24-09.43.48:150][816]LogModuleManager: Shutting down and abandoning module AudioCapture (470)
[2017.11.24-09.43.48:150][816]LogModuleManager: Shutting down and abandoning module SequenceRecorder (469)
[2017.11.24-09.43.48:150][816]LogModuleManager: Shutting down and abandoning module SmartSnapping (466)
[2017.11.24-09.43.48:150][816]LogModuleManager: Shutting down and abandoning module SessionServices (464)
[2017.11.24-09.43.48:150][816]LogModuleManager: Shutting down and abandoning module ViewportSnapping (462)
[2017.11.24-09.43.48:150][816]LogModuleManager: Shutting down and abandoning module ViewportInteraction (460)
[2017.11.24-09.43.48:150][816]LogModuleManager: Shutting down and abandoning module ClothPainter (458)
[2017.11.24-09.43.48:150][816]LogModuleManager: Shutting down and abandoning module LogVisualizer (456)
[2017.11.24-09.43.48:150][816]LogModuleManager: Shutting down and abandoning module IntroTutorials (454)
[2017.11.24-09.43.48:150][816]LogModuleManager: Shutting down and abandoning module GameProjectGeneration (453)
[2017.11.24-09.43.48:150][816]LogModuleManager: Shutting down and abandoning module IOSPlatformEditor (450)
[2017.11.24-09.43.48:150][816]LogModuleManager: Shutting down and abandoning module HTML5PlatformEditor (448)
[2017.11.24-09.43.48:151][816]LogModuleManager: Shutting down and abandoning module AndroidPlatformEditor (446)
[2017.11.24-09.43.48:151][816]LogModuleManager: Shutting down and abandoning module AndroidDeviceDetection (445)
[2017.11.24-09.43.49:110][816]LogModuleManager: Shutting down and abandoning module WindowsPlatformEditor (442)
[2017.11.24-09.43.49:110][816]LogModuleManager: Shutting down and abandoning module IOSRuntimeSettings (440)
[2017.11.24-09.43.49:110][816]LogModuleManager: Shutting down and abandoning module AndroidRuntimeSettings (438)
[2017.11.24-09.43.49:110][816]LogModuleManager: Shutting down and abandoning module InputBindingEditor (436)
[2017.11.24-09.43.49:110][816]LogModuleManager: Shutting down and abandoning module MergeActors (434)
[2017.11.24-09.43.49:110][816]LogModuleManager: Shutting down and abandoning module SizeMap (432)
[2017.11.24-09.43.49:110][816]LogModuleManager: Shutting down and abandoning module TreeMap (430)
[2017.11.24-09.43.49:111][816]LogModuleManager: Shutting down and abandoning module ReferenceViewer (428)
[2017.11.24-09.43.49:111][816]LogModuleManager: Shutting down and abandoning module LocalizationDashboard (426)
[2017.11.24-09.43.49:111][816]LogModuleManager: Shutting down and abandoning module LocalizationService (425)
[2017.11.24-09.43.49:111][816]LogModuleManager: Shutting down and abandoning module HardwareTargeting (422)
[2017.11.24-09.43.49:111][816]LogModuleManager: Shutting down and abandoning module DeviceProfileEditor (420)
[2017.11.24-09.43.49:111][816]LogModuleManager: Shutting down and abandoning module UndoHistory (418)
[2017.11.24-09.43.49:111][816]LogModuleManager: Shutting down and abandoning module XmlParser (416)
[2017.11.24-09.43.49:111][816]LogModuleManager: Shutting down and abandoning module Blutility (414)
[2017.11.24-09.43.49:111][816]LogModuleManager: Shutting down and abandoning module ProjectSettingsViewer (412)
[2017.11.24-09.43.49:111][816]LogModuleManager: Shutting down and abandoning module ProjectTargetPlatformEditor (411)
[2017.11.24-09.43.49:112][816]LogModuleManager: Shutting down and abandoning module EditorSettingsViewer (408)
[2017.11.24-09.43.49:112][816]LogModuleManager: Shutting down and abandoning module SettingsEditor (406)
[2017.11.24-09.43.49:112][816]LogModuleManager: Shutting down and abandoning module ProjectLauncher (404)
[2017.11.24-09.43.49:112][816]LogModuleManager: Shutting down and abandoning module SessionFrontend (402)
[2017.11.24-09.43.49:112][816]LogModuleManager: Shutting down and abandoning module ProfilerClient (400)
[2017.11.24-09.43.49:112][816]LogModuleManager: Shutting down and abandoning module DeviceManager (398)
[2017.11.24-09.43.49:113][816]LogModuleManager: Shutting down and abandoning module TargetDeviceServices (397)
[2017.11.24-09.43.49:165][816]LogModuleManager: Shutting down and abandoning module AutomationController (394)
[2017.11.24-09.43.49:165][816]LogModuleManager: Shutting down and abandoning module AutomationWindow (392)
[2017.11.24-09.43.49:165][816]LogModuleManager: Shutting down and abandoning module Layers (390)
[2017.11.24-09.43.49:165][816]LogModuleManager: Shutting down and abandoning module ComponentVisualizers (388)
[2017.11.24-09.43.49:165][816]LogModuleManager: Shutting down and abandoning module DetailCustomizations (386)
[2017.11.24-09.43.49:166][816]LogModuleManager: Shutting down and abandoning module PackagesDialog (384)
[2017.11.24-09.43.49:166][816]LogModuleManager: Shutting down and abandoning module Persona (382)
[2017.11.24-09.43.49:166][816]LogModuleManager: Shutting down and abandoning module AdvancedPreviewScene (381)
[2017.11.24-09.43.49:166][816]LogModuleManager: Shutting down and abandoning module AnimGraph (379)
[2017.11.24-09.43.49:166][816]LogModuleManager: Shutting down and abandoning module Kismet (376)
[2017.11.24-09.43.49:188][816]LogModuleManager: Shutting down and abandoning module ClassViewer (374)
[2017.11.24-09.43.49:188][816]LogModuleManager: Shutting down and abandoning module Toolbox (372)
[2017.11.24-09.43.49:188][816]LogModuleManager: Shutting down and abandoning module ModuleUI (370)
[2017.11.24-09.43.49:189][816]LogModuleManager: Shutting down and abandoning module MovieSceneTools (368)
[2017.11.24-09.43.49:189][816]LogModuleManager: Shutting down and abandoning module OutputLog (366)
[2017.11.24-09.43.49:189][816]LogModuleManager: Shutting down and abandoning module GammaUI (364)
[2017.11.24-09.43.49:189][816]LogModuleManager: Shutting down and abandoning module Documentation (362)
[2017.11.24-09.43.49:189][816]LogModuleManager: Shutting down and abandoning module MovieSceneTracks (360)
[2017.11.24-09.43.49:189][816]LogModuleManager: Shutting down and abandoning module MovieScene (358)
[2017.11.24-09.43.49:189][816]LogModuleManager: Shutting down and abandoning module Niagara (356)
[2017.11.24-09.43.49:189][816]LogModuleManager: Shutting down and abandoning module NiagaraEditor (355)
[2017.11.24-09.43.49:190][816]LogModuleManager: Shutting down and abandoning module StreamingPauseRendering (352)
[2017.11.24-09.43.49:190][816]LogModuleManager: Shutting down and abandoning module LauncherPlatform (350)
[2017.11.24-09.43.49:190][816]LogModuleManager: Shutting down and abandoning module AnalyticsET (348)
[2017.11.24-09.43.49:190][816]LogModuleManager: Shutting down and abandoning module PortalServices (346)
[2017.11.24-09.43.49:190][816]LogModuleManager: Shutting down and abandoning module PortalRpc (344)
[2017.11.24-09.43.49:190][816]LogModuleManager: Shutting down and abandoning module MessagingRpc (342)
[2017.11.24-09.43.49:190][816]LogModuleManager: Shutting down and abandoning module AIModule (340)
[2017.11.24-09.43.49:190][816]LogModuleManager: Shutting down and abandoning module GameplayDebugger (339)
[2017.11.24-09.43.49:190][816]LogModuleManager: Shutting down and abandoning module AITestSuite (337)
[2017.11.24-09.43.49:190][816]LogModuleManager: Shutting down and abandoning module ProfilerService (334)
[2017.11.24-09.43.49:242][816]LogModuleManager: Shutting down and abandoning module TaskGraph (332)
[2017.11.24-09.43.49:243][816]LogModuleManager: Shutting down and abandoning module SteamVRController (330)
[2017.11.24-09.43.49:243][816]LogModuleManager: Shutting down and abandoning module ProceduralMeshComponentEditor (328)
[2017.11.24-09.43.49:243][816]LogModuleManager: Shutting down and abandoning module ProceduralMeshComponent (326)
[2017.11.24-09.43.49:243][816]LogModuleManager: Shutting down and abandoning module OculusInput (324)
[2017.11.24-09.43.49:243][816]LogModuleManager: Shutting down and abandoning module MobilePatchingUtils (322)
[2017.11.24-09.43.49:243][816]LogModuleManager: Shutting down and abandoning module CustomMeshComponent (320)
[2017.11.24-09.43.49:243][816]LogModuleManager: Shutting down and abandoning module CableComponent (318)
[2017.11.24-09.43.49:243][816]LogModuleManager: Shutting down and abandoning module ArchVisCharacter (316)
[2017.11.24-09.43.49:243][816]LogModuleManager: Shutting down and abandoning module AndroidPermission (314)
[2017.11.24-09.43.49:243][816]LogModuleManager: Shutting down and abandoning module MediaPlayerEditor (310)
[2017.11.24-09.43.49:243][816]LogModuleManager: Shutting down and abandoning module HTML5Networking (308)
[2017.11.24-09.43.49:244][816]LogModuleManager: Shutting down and abandoning module AlembicImporter (306)
[2017.11.24-09.43.49:244][816]LogModuleManager: Shutting down and abandoning module AlembicLibrary (305)
[2017.11.24-09.43.49:244][816]LogModuleManager: Shutting down and abandoning module GeometryCache (304)
[2017.11.24-09.43.49:244][816]LogModuleManager: Shutting down and abandoning module GeometryCacheEd (303)
[2017.11.24-09.43.49:244][816]LogModuleManager: Shutting down and abandoning module SpeedTreeImporter (298)
[2017.11.24-09.43.49:244][816]LogModuleManager: Shutting down and abandoning module PluginBrowser (296)
[2017.11.24-09.43.49:244][816]LogModuleManager: Shutting down and abandoning module MobileLauncherProfileWizard (294)
[2017.11.24-09.43.49:244][816]LogModuleManager: Shutting down and abandoning module VisualStudioSourceCodeAccess (292)
[2017.11.24-09.43.49:244][816]LogModuleManager: Shutting down and abandoning module DesktopPlatform (291)
[2017.11.24-09.43.49:244][816]LogModuleManager: Shutting down and abandoning module UObjectPlugin (288)
[2017.11.24-09.43.49:244][816]LogModuleManager: Shutting down and abandoning module SubversionSourceControl (286)
[2017.11.24-09.43.49:244][816]LogModuleManager: Shutting down and abandoning module PerforceSourceControl (284)
[2017.11.24-09.43.49:245][816]LogModuleManager: Shutting down and abandoning module GitSourceControl (282)
[2017.11.24-09.43.49:245][816]LogModuleManager: Shutting down and abandoning module SourceControl (281)
[2017.11.24-09.43.49:245][816]LogModuleManager: Shutting down and abandoning module LightPropagationVolumeEditor (278)
[2017.11.24-09.43.49:245][816]LogModuleManager: Shutting down and abandoning module PaperTiledImporter (276)
[2017.11.24-09.43.49:245][816]LogModuleManager: Shutting down and abandoning module PaperSpriteSheetImporter (274)
[2017.11.24-09.43.49:245][816]LogModuleManager: Shutting down and abandoning module Paper2DEditor (272)
[2017.11.24-09.43.49:245][816]LogModuleManager: Shutting down and abandoning module MeshPaint (271)
[2017.11.24-09.43.49:246][816]LogModuleManager: Shutting down and abandoning module LevelEditor (269)
[2017.11.24-09.43.49:250][816]LogModuleManager: Shutting down and abandoning module PixelInspectorModule (268)
[2017.11.24-09.43.49:250][816]LogModuleManager: Shutting down and abandoning module MainFrame (266)
[2017.11.24-09.43.49:250][816]LogModuleManager: Shutting down and abandoning module HotReload (265)
[2017.11.24-09.43.49:251][816]LogModuleManager: Shutting down and abandoning module RuntimePhysXCooking (260)
[2017.11.24-09.43.49:251][816]LogModuleManager: Shutting down and abandoning module PhysXVehiclesEditor (258)
[2017.11.24-09.43.49:251][816]LogModuleManager: Shutting down and abandoning module PhysXVehicles (256)
[2017.11.24-09.43.49:251][816]LogModuleManager: Shutting down and abandoning module OculusEditor (254)
[2017.11.24-09.43.49:251][816]LogModuleManager: Shutting down and abandoning module LocationServicesBPLibrary (252)
[2017.11.24-09.43.49:251][816]LogModuleManager: Shutting down and abandoning module ImmediatePhysicsEditor (250)
[2017.11.24-09.43.49:251][816]LogModuleManager: Shutting down and abandoning module ImmediatePhysics (248)
[2017.11.24-09.43.49:251][816]LogModuleManager: Shutting down and abandoning module UdpMessaging (246)
[2017.11.24-09.43.49:352][816]LogModuleManager: Shutting down and abandoning module TcpMessaging (244)
[2017.11.24-09.43.49:453][816]LogModuleManager: Shutting down and abandoning module GameplayTagsEditor (242)
[2017.11.24-09.43.49:453][816]LogModuleManager: Shutting down and abandoning module FacialAnimationEditor (240)
[2017.11.24-09.43.49:453][816]LogModuleManager: Shutting down and abandoning module FacialAnimation (238)
[2017.11.24-09.43.49:453][816]LogModuleManager: Shutting down and abandoning module AssetManagerEditor (236)
[2017.11.24-09.43.49:453][816]LogModuleManager: Shutting down and abandoning module GraphEditor (235)
[2017.11.24-09.43.49:453][816]LogModuleManager: Shutting down and abandoning module ContentBrowser (233)
[2017.11.24-09.43.49:457][816]LogModuleManager: Shutting down and abandoning module LightPropagationVolumeRuntime (230)
[2017.11.24-09.43.49:457][816]LogModuleManager: Shutting down and abandoning module Paper2D (228)
[2017.11.24-09.43.49:457][816]LogModuleManager: Shutting down and abandoning module WindowsMoviePlayer (226)
[2017.11.24-09.43.49:457][816]LogModuleManager: Shutting down and abandoning module WmfMedia (224)
[2017.11.24-09.43.49:463][816]LogModuleManager: Shutting down and abandoning module PacketHandler (222)
[2017.11.24-09.43.49:463][816]LogModuleManager: Shutting down and abandoning module ClothingSystemEditor (220)
[2017.11.24-09.43.49:463][816]LogModuleManager: Shutting down and abandoning module ClothingSystemRuntime (218)
[2017.11.24-09.43.49:463][816]LogModuleManager: Shutting down and abandoning module Overlay (216)
[2017.11.24-09.43.49:463][816]LogModuleManager: Shutting down and abandoning module OverlayEditor (215)
[2017.11.24-09.43.49:463][816]LogModuleManager: Shutting down and abandoning module MediaAssets (212)
[2017.11.24-09.43.49:463][816]LogModuleManager: Shutting down and abandoning module VREditor (210)
[2017.11.24-09.43.49:463][816]LogModuleManager: Shutting down and abandoning module StringTableEditor (208)
[2017.11.24-09.43.49:463][816]LogModuleManager: Shutting down and abandoning module GameplayTasksEditor (206)
[2017.11.24-09.43.49:463][816]LogModuleManager: Shutting down and abandoning module BehaviorTreeEditor (204)
[2017.11.24-09.43.49:464][816]LogModuleManager: Shutting down and abandoning module FunctionalTesting (202)
[2017.11.24-09.43.49:464][816]LogModuleManager: Shutting down and abandoning module CollisionAnalyzer (200)
[2017.11.24-09.43.49:464][816]LogModuleManager: Shutting down and abandoning module WorkspaceMenuStructure (199)
[2017.11.24-09.43.49:464][816]LogModuleManager: Shutting down and abandoning module UMG (196)
[2017.11.24-09.43.49:464][816]LogModuleManager: Shutting down and abandoning module UMGEditor (195)
[2017.11.24-09.43.49:464][816]LogModuleManager: Shutting down and abandoning module Sequencer (194)
[2017.11.24-09.43.49:464][816]LogModuleManager: Shutting down and abandoning module MessageLog (191)
[2017.11.24-09.43.49:464][816]LogModuleManager: Shutting down and abandoning module SlateReflector (186)
[2017.11.24-09.43.49:464][816]LogModuleManager: Shutting down and abandoning module Slate (184)
[2017.11.24-09.43.49:464][816]LogModuleManager: Shutting down and abandoning module EditorStyle (182)
[2017.11.24-09.43.49:472][816]LogModuleManager: Shutting down and abandoning module MRMesh (180)
[2017.11.24-09.43.49:472][816]LogModuleManager: Shutting down and abandoning module SourceCodeAccess (178)
[2017.11.24-09.43.49:473][816]LogModuleManager: Shutting down and abandoning module HeadMountedDisplay (176)
[2017.11.24-09.43.49:473][816]LogModuleManager: Shutting down and abandoning module XAudio2 (174)
[2017.11.24-09.43.49:473][816]LogModuleManager: Shutting down and abandoning module Networking (172)
[2017.11.24-09.43.49:473][816]LogModuleManager: Shutting down and abandoning module Core (168)
[2017.11.24-09.43.49:473][816]LogModuleManager: Shutting down and abandoning module KismetCompiler (164)
[2017.11.24-09.43.49:473][816]LogModuleManager: Shutting down and abandoning module LevelSequence (162)
[2017.11.24-09.43.49:473][816]LogModuleManager: Shutting down and abandoning module MeshUtilities (160)
[2017.11.24-09.43.49:473][816]LogModuleManager: Shutting down and abandoning module MeshMergeUtilities (159)
[2017.11.24-09.43.49:473][816]LogModuleManager: Shutting down and abandoning module MeshReductionInterface (158)
[2017.11.24-09.43.49:473][816]LogModuleManager: Shutting down and abandoning module SimplygonSwarm (157)
[2017.11.24-09.43.49:473][816]LogModuleManager: Shutting down and abandoning module SimplygonMeshReduction (155)
[2017.11.24-09.43.49:473][816]LogModuleManager: Shutting down and abandoning module QuadricMeshReduction (153)
[2017.11.24-09.43.49:473][816]LogModuleManager: Shutting down and abandoning module MaterialBaking (149)
[2017.11.24-09.43.49:473][816]LogModuleManager: Shutting down and abandoning module DirectoryWatcher (146)
[2017.11.24-09.43.49:476][816]LogModuleManager: Shutting down and abandoning module DerivedDataCache (144)
[2017.11.24-09.43.49:519][816]LogDerivedDataCache: Shutdown
[2017.11.24-09.43.49:519][816]LogModuleManager: Shutting down and abandoning module TargetPlatform (142)
[2017.11.24-09.43.49:519][816]LogModuleManager: Shutting down and abandoning module VulkanShaderFormat (141)
[2017.11.24-09.43.49:519][816]LogModuleManager: Shutting down and abandoning module ShaderFormatVectorVM (139)
[2017.11.24-09.43.49:519][816]LogModuleManager: Shutting down and abandoning module ShaderFormatOpenGL (137)
[2017.11.24-09.43.49:520][816]LogModuleManager: Shutting down and abandoning module ShaderFormatD3D (135)
[2017.11.24-09.43.49:520][816]LogModuleManager: Shutting down and abandoning module MetalShaderFormat (133)
[2017.11.24-09.43.49:520][816]LogModuleManager: Shutting down and abandoning module TextureFormatUncompressed (131)
[2017.11.24-09.43.49:520][816]LogModuleManager: Shutting down and abandoning module TextureFormatPVR (129)
[2017.11.24-09.43.49:520][816]LogModuleManager: Shutting down and abandoning module TextureFormatDXT (127)
[2017.11.24-09.43.49:520][816]LogModuleManager: Shutting down and abandoning module TextureFormatIntelISPCTexComp (125)
[2017.11.24-09.43.49:520][816]LogModuleManager: Shutting down and abandoning module TextureFormatASTC (123)
[2017.11.24-09.43.49:521][816]LogModuleManager: Shutting down and abandoning module ImageWrapper (122)
[2017.11.24-09.43.49:521][816]LogModuleManager: Shutting down and abandoning module TextureFormatAndroid (119)
[2017.11.24-09.43.49:521][816]LogModuleManager: Shutting down and abandoning module AudioFormatOpus (117)
[2017.11.24-09.43.49:521][816]LogModuleManager: Shutting down and abandoning module AudioFormatOgg (115)
[2017.11.24-09.43.49:521][816]LogModuleManager: Shutting down and abandoning module AudioFormatADPCM (113)
[2017.11.24-09.43.49:521][816]LogModuleManager: Shutting down and abandoning module LinuxTargetPlatform (111)
[2017.11.24-09.43.49:521][816]LogModuleManager: Shutting down and abandoning module LinuxServerTargetPlatform (109)
[2017.11.24-09.43.49:521][816]LogModuleManager: Shutting down and abandoning module LinuxNoEditorTargetPlatform (107)
[2017.11.24-09.43.49:521][816]LogModuleManager: Shutting down and abandoning module LinuxClientTargetPlatform (105)
[2017.11.24-09.43.49:521][816]LogModuleManager: Shutting down and abandoning module TVOSTargetPlatform (103)
[2017.11.24-09.43.49:521][816]LogModuleManager: Shutting down and abandoning module Messaging (101)
[2017.11.24-09.43.49:521][816]LogModuleManager: Shutting down and abandoning module IOSTargetPlatform (99)
[2017.11.24-09.43.49:521][816]LogModuleManager: Shutting down and abandoning module HTML5TargetPlatform (97)
[2017.11.24-09.43.49:521][816]LogModuleManager: Shutting down and abandoning module Android_PVRTCTargetPlatform (95)
[2017.11.24-09.43.49:521][816]LogModuleManager: Shutting down and abandoning module Android_MultiTargetPlatform (93)
[2017.11.24-09.43.49:521][816]LogModuleManager: Shutting down and abandoning module Android_ETC2TargetPlatform (91)
[2017.11.24-09.43.49:521][816]LogModuleManager: Shutting down and abandoning module Android_ETC1TargetPlatform (89)
[2017.11.24-09.43.49:521][816]LogModuleManager: Shutting down and abandoning module Android_DXTTargetPlatform (87)
[2017.11.24-09.43.49:522][816]LogModuleManager: Shutting down and abandoning module Android_ATCTargetPlatform (85)
[2017.11.24-09.43.49:522][816]LogModuleManager: Shutting down and abandoning module Android_ASTCTargetPlatform (83)
[2017.11.24-09.43.49:522][816]LogModuleManager: Shutting down and abandoning module AndroidTargetPlatform (81)
[2017.11.24-09.43.49:522][816]LogModuleManager: Shutting down and abandoning module WindowsTargetPlatform (79)
[2017.11.24-09.43.49:522][816]LogModuleManager: Shutting down and abandoning module WindowsServerTargetPlatform (77)
[2017.11.24-09.43.49:522][816]LogModuleManager: Shutting down and abandoning module WindowsNoEditorTargetPlatform (75)
[2017.11.24-09.43.49:522][816]LogModuleManager: Shutting down and abandoning module WindowsClientTargetPlatform (73)
[2017.11.24-09.43.49:522][816]LogModuleManager: Shutting down and abandoning module MacTargetPlatform (71)
[2017.11.24-09.43.49:522][816]LogModuleManager: Shutting down and abandoning module MacServerTargetPlatform (69)
[2017.11.24-09.43.49:522][816]LogModuleManager: Shutting down and abandoning module MacNoEditorTargetPlatform (67)
[2017.11.24-09.43.49:522][816]LogModuleManager: Shutting down and abandoning module MacClientTargetPlatform (65)
[2017.11.24-09.43.49:522][816]LogModuleManager: Shutting down and abandoning module AllDesktopTargetPlatform (63)
[2017.11.24-09.43.49:522][816]LogModuleManager: Shutting down and abandoning module InputCore (60)
[2017.11.24-09.43.49:522][816]LogModuleManager: Shutting down and abandoning module Settings (58)
[2017.11.24-09.43.49:522][816]LogModuleManager: Shutting down and abandoning module PhysXCooking (56)
[2017.11.24-09.43.49:522][816]LogModuleManager: Shutting down and abandoning module SteamVR (54)
[2017.11.24-09.43.49:523][816]LogModuleManager: Shutting down and abandoning module OculusHMD (52)
[2017.11.24-09.43.49:523][816]LogModuleManager: Shutting down and abandoning module ExampleDeviceProfileSelector (50)
[2017.11.24-09.43.49:523][816]LogModuleManager: Shutting down and abandoning module OnlineBlueprintSupport (48)
[2017.11.24-09.43.49:523][816]LogModuleManager: Shutting down and abandoning module OnlineSubsystem (44)
[2017.11.24-09.43.49:523][816]LogOnline: Display: Unloading online subsystem: NULL
[2017.11.24-09.43.49:523][816]LogModuleManager: Shutting down and abandoning module XMPP (43)
[2017.11.24-09.43.49:523][816]LogModuleManager: Shutting down and abandoning module HTTP (41)
[2017.11.24-09.43.49:523][816]LogHttp: Display: Http module shutting down, but needs to wait on 1 outstanding Http requests:
[2017.11.24-09.43.49:523][816]LogHttp: Display: 	verb=[POST] url=[https://datarouter.ol.epicgames.com/datarouter/api/v1/public/data?SessionID=%7B1DE0E292-44AE-D348-3197-25870D33648B%7D&AppID=UEEditor.Rocket.Release&AppVersion=4.17.1-3586342%2B%2B%2BUE4%2BRelease-4.17&UserID=74be624d49aa3cbc358b7d86e94ac591%7Cbe2d46e08ef34f01884ceb68579448fc%7C9ca0be14-c0a3-476c-92f3-df2b7158841e&AppEnvironment=datacollector-binary&UploadType=eteventstream] status=Processing
[2017.11.24-09.43.49:531][816]LogModuleManager: Shutting down and abandoning module SSL (40)
[2017.11.24-09.43.49:537][816]LogModuleManager: Shutting down and abandoning module AnimationModifiers (36)
[2017.11.24-09.43.49:537][816]LogModuleManager: Shutting down and abandoning module PropertyEditor (35)
[2017.11.24-09.43.49:537][816]LogModuleManager: Shutting down and abandoning module AudioEditor (32)
[2017.11.24-09.43.49:537][816]LogModuleManager: Shutting down and abandoning module TextureCompressor (30)
[2017.11.24-09.43.49:537][816]LogModuleManager: Shutting down and abandoning module ShaderCore (28)
[2017.11.24-09.43.49:538][816]LogModuleManager: Shutting down and abandoning module Landscape (26)
[2017.11.24-09.43.49:538][816]LogModuleManager: Shutting down and abandoning module SlateRHIRenderer (24)
[2017.11.24-09.43.49:544][816]LogModuleManager: Shutting down and abandoning module OpenGLDrv (22)
[2017.11.24-09.43.49:544][816]LogModuleManager: Shutting down and abandoning module D3D11RHI (20)
[2017.11.24-09.43.49:544][816]LogModuleManager: Shutting down and abandoning module AnimGraphRuntime (18)
[2017.11.24-09.43.49:544][816]LogModuleManager: Shutting down and abandoning module Renderer (16)
[2017.11.24-09.43.49:544][816]LogModuleManager: Shutting down and abandoning module Engine (14)
[2017.11.24-09.43.49:544][816]LogModuleManager: Shutting down and abandoning module CoreUObject (12)
[2017.11.24-09.43.49:545][816]LogModuleManager: Shutting down and abandoning module NetworkFile (10)
[2017.11.24-09.43.49:545][816]LogModuleManager: Shutting down and abandoning module CookedIterativeFile (8)
[2017.11.24-09.43.49:545][816]LogModuleManager: Shutting down and abandoning module StreamingFile (6)
[2017.11.24-09.43.49:545][816]LogModuleManager: Shutting down and abandoning module SandboxFile (4)
[2017.11.24-09.43.49:545][816]LogModuleManager: Shutting down and abandoning module PakFile (2)
[2017.11.24-09.43.49:552][816]LogExit: Exiting.
[2017.11.24-09.43.49:598][816]Log file closed, 11/24/17 15:13:49
